[2026-06-30T07:43:48Z] [terminus-control] iMessage command listener started (poll every 20s)
[2026-06-30T07:43:48Z] [terminus-control] repo: /Users/fabrice-mac-mini/Documents/snorkel-ai
[2026-06-30T07:43:48Z] [terminus-control] text yourself: start-terminus | stop-terminus | status-terminus | run-terminus
[2026-06-30T07:43:48Z] [terminus-control] WARN: cannot read chat.db — grant Full Disk Access to /Users/fabrice-mac-mini/Documents/snorkel-ai/tools/monitor/.venv/bin/python or run-imessage-listener.sh
[2026-06-30T07:44:09Z] [terminus-control] WARN: cannot read chat.db — grant Full Disk Access to /Users/fabrice-mac-mini/Documents/snorkel-ai/tools/monitor/.venv/bin/python or run-imessage-listener.sh
[2026-06-30T07:44:29Z] [terminus-control] WARN: cannot read chat.db — grant Full Disk Access to /Users/fabrice-mac-mini/Documents/snorkel-ai/tools/monitor/.venv/bin/python or run-imessage-listener.sh
[2026-06-30T07:44:49Z] [terminus-control] WARN: cannot read chat.db — grant Full Disk Access to /Users/fabrice-mac-mini/Documents/snorkel-ai/tools/monitor/.venv/bin/python or run-imessage-listener.sh
[2026-06-30T07:45:09Z] [terminus-control] WARN: cannot read chat.db — grant Full Disk Access to /Users/fabrice-mac-mini/Documents/snorkel-ai/tools/monitor/.venv/bin/python or run-imessage-listener.sh
[2026-06-30T07:45:29Z] [terminus-control] WARN: cannot read chat.db — grant Full Disk Access to /Users/fabrice-mac-mini/Documents/snorkel-ai/tools/monitor/.venv/bin/python or run-imessage-listener.sh
[2026-06-30T07:45:49Z] [terminus-control] WARN: cannot read chat.db — grant Full Disk Access to /Users/fabrice-mac-mini/Documents/snorkel-ai/tools/monitor/.venv/bin/python or run-imessage-listener.sh
[2026-06-30T07:46:09Z] [terminus-control] WARN: cannot read chat.db — grant Full Disk Access to /Users/fabrice-mac-mini/Documents/snorkel-ai/tools/monitor/.venv/bin/python or run-imessage-listener.sh
[2026-06-30T07:46:29Z] [terminus-control] WARN: cannot read chat.db — grant Full Disk Access to /Users/fabrice-mac-mini/Documents/snorkel-ai/tools/monitor/.venv/bin/python or run-imessage-listener.sh
[2026-06-30T07:46:49Z] [terminus-control] WARN: cannot read chat.db — grant Full Disk Access to /Users/fabrice-mac-mini/Documents/snorkel-ai/tools/monitor/.venv/bin/python or run-imessage-listener.sh
[2026-06-30T07:47:09Z] [terminus-control] WARN: cannot read chat.db — grant Full Disk Access to /Users/fabrice-mac-mini/Documents/snorkel-ai/tools/monitor/.venv/bin/python or run-imessage-listener.sh
[2026-06-30T07:47:29Z] [terminus-control] WARN: cannot read chat.db — grant Full Disk Access to /Users/fabrice-mac-mini/Documents/snorkel-ai/tools/monitor/.venv/bin/python or run-imessage-listener.sh
[2026-06-30T07:47:49Z] [terminus-control] WARN: cannot read chat.db — grant Full Disk Access to /Users/fabrice-mac-mini/Documents/snorkel-ai/tools/monitor/.venv/bin/python or run-imessage-listener.sh
[2026-06-30T07:48:09Z] [terminus-control] WARN: cannot read chat.db — grant Full Disk Access to /Users/fabrice-mac-mini/Documents/snorkel-ai/tools/monitor/.venv/bin/python or run-imessage-listener.sh
[2026-06-30T07:48:29Z] [terminus-control] WARN: cannot read chat.db — grant Full Disk Access to /Users/fabrice-mac-mini/Documents/snorkel-ai/tools/monitor/.venv/bin/python or run-imessage-listener.sh
[2026-06-30T07:48:49Z] [terminus-control] WARN: cannot read chat.db — grant Full Disk Access to /Users/fabrice-mac-mini/Documents/snorkel-ai/tools/monitor/.venv/bin/python or run-imessage-listener.sh
[2026-06-30T07:49:09Z] [terminus-control] WARN: cannot read chat.db — grant Full Disk Access to /Users/fabrice-mac-mini/Documents/snorkel-ai/tools/monitor/.venv/bin/python or run-imessage-listener.sh
[2026-06-30T07:49:30Z] [terminus-control] WARN: cannot read chat.db — grant Full Disk Access to /Users/fabrice-mac-mini/Documents/snorkel-ai/tools/monitor/.venv/bin/python or run-imessage-listener.sh
[2026-06-30T07:49:50Z] [terminus-control] WARN: cannot read chat.db — grant Full Disk Access to /Users/fabrice-mac-mini/Documents/snorkel-ai/tools/monitor/.venv/bin/python or run-imessage-listener.sh
[2026-06-30T07:50:10Z] [terminus-control] WARN: cannot read chat.db — grant Full Disk Access to /Users/fabrice-mac-mini/Documents/snorkel-ai/tools/monitor/.venv/bin/python or run-imessage-listener.sh
[2026-06-30T07:50:30Z] [terminus-control] WARN: cannot read chat.db — grant Full Disk Access to /Users/fabrice-mac-mini/Documents/snorkel-ai/tools/monitor/.venv/bin/python or run-imessage-listener.sh
[2026-06-30T07:50:50Z] [terminus-control] WARN: cannot read chat.db — grant Full Disk Access to /Users/fabrice-mac-mini/Documents/snorkel-ai/tools/monitor/.venv/bin/python or run-imessage-listener.sh
[2026-06-30T07:51:10Z] [terminus-control] WARN: cannot read chat.db — grant Full Disk Access to /Users/fabrice-mac-mini/Documents/snorkel-ai/tools/monitor/.venv/bin/python or run-imessage-listener.sh
[2026-06-30T07:51:30Z] [terminus-control] WARN: cannot read chat.db — grant Full Disk Access to /Users/fabrice-mac-mini/Documents/snorkel-ai/tools/monitor/.venv/bin/python or run-imessage-listener.sh
[2026-06-30T07:51:50Z] [terminus-control] WARN: cannot read chat.db — grant Full Disk Access to /Users/fabrice-mac-mini/Documents/snorkel-ai/tools/monitor/.venv/bin/python or run-imessage-listener.sh
[2026-06-30T07:52:10Z] [terminus-control] WARN: cannot read chat.db — grant Full Disk Access to /Users/fabrice-mac-mini/Documents/snorkel-ai/tools/monitor/.venv/bin/python or run-imessage-listener.sh
[2026-06-30T07:52:30Z] [terminus-control] WARN: cannot read chat.db — grant Full Disk Access to /Users/fabrice-mac-mini/Documents/snorkel-ai/tools/monitor/.venv/bin/python or run-imessage-listener.sh
[2026-06-30T07:52:50Z] [terminus-control] WARN: cannot read chat.db — grant Full Disk Access to /Users/fabrice-mac-mini/Documents/snorkel-ai/tools/monitor/.venv/bin/python or run-imessage-listener.sh
[2026-06-30T07:53:10Z] [terminus-control] WARN: cannot read chat.db — grant Full Disk Access to /Users/fabrice-mac-mini/Documents/snorkel-ai/tools/monitor/.venv/bin/python or run-imessage-listener.sh
[2026-06-30T07:53:30Z] [terminus-control] WARN: cannot read chat.db — grant Full Disk Access to /Users/fabrice-mac-mini/Documents/snorkel-ai/tools/monitor/.venv/bin/python or run-imessage-listener.sh
[2026-06-30T07:53:51Z] [terminus-control] WARN: cannot read chat.db — grant Full Disk Access to /Users/fabrice-mac-mini/Documents/snorkel-ai/tools/monitor/.venv/bin/python or run-imessage-listener.sh
[2026-06-30T07:54:11Z] [terminus-control] WARN: cannot read chat.db — grant Full Disk Access to /Users/fabrice-mac-mini/Documents/snorkel-ai/tools/monitor/.venv/bin/python or run-imessage-listener.sh
[2026-06-30T07:54:31Z] [terminus-control] WARN: cannot read chat.db — grant Full Disk Access to /Users/fabrice-mac-mini/Documents/snorkel-ai/tools/monitor/.venv/bin/python or run-imessage-listener.sh
[2026-06-30T07:54:51Z] [terminus-control] WARN: cannot read chat.db — grant Full Disk Access to /Users/fabrice-mac-mini/Documents/snorkel-ai/tools/monitor/.venv/bin/python or run-imessage-listener.sh
[2026-06-30T07:55:11Z] [terminus-control] WARN: cannot read chat.db — grant Full Disk Access to /Users/fabrice-mac-mini/Documents/snorkel-ai/tools/monitor/.venv/bin/python or run-imessage-listener.sh
[2026-06-30T07:55:31Z] [terminus-control] WARN: cannot read chat.db — grant Full Disk Access to /Users/fabrice-mac-mini/Documents/snorkel-ai/tools/monitor/.venv/bin/python or run-imessage-listener.sh
[2026-06-30T07:55:51Z] [terminus-control] WARN: cannot read chat.db — grant Full Disk Access to /Users/fabrice-mac-mini/Documents/snorkel-ai/tools/monitor/.venv/bin/python or run-imessage-listener.sh
[2026-06-30T07:56:11Z] [terminus-control] WARN: cannot read chat.db — grant Full Disk Access to /Users/fabrice-mac-mini/Documents/snorkel-ai/tools/monitor/.venv/bin/python or run-imessage-listener.sh
[2026-06-30T07:56:31Z] [terminus-control] WARN: cannot read chat.db — grant Full Disk Access to /Users/fabrice-mac-mini/Documents/snorkel-ai/tools/monitor/.venv/bin/python or run-imessage-listener.sh
[2026-06-30T07:56:51Z] [terminus-control] WARN: cannot read chat.db — grant Full Disk Access to /Users/fabrice-mac-mini/Documents/snorkel-ai/tools/monitor/.venv/bin/python or run-imessage-listener.sh
[2026-06-30T07:57:11Z] [terminus-control] WARN: cannot read chat.db — grant Full Disk Access to /Users/fabrice-mac-mini/Documents/snorkel-ai/tools/monitor/.venv/bin/python or run-imessage-listener.sh
[2026-06-30T07:57:35Z] [terminus-control] iMessage command listener started (poll every 20s)
[2026-06-30T07:57:35Z] [terminus-control] repo: /Users/fabrice-mac-mini/Documents/snorkel-ai
[2026-06-30T07:57:35Z] [terminus-control] text yourself: start-terminus | stop-terminus | status-terminus | run-terminus
[2026-06-30T07:57:35Z] [terminus-control] WARN: cannot read chat.db — grant Full Disk Access to /Users/fabrice-mac-mini/Documents/snorkel-ai/tools/monitor/.venv/bin/python or run-imessage-listener.sh
[2026-06-30T07:57:57Z] [terminus-control] iMessage command listener started (poll every 20s)
[2026-06-30T07:57:57Z] [terminus-control] repo: /Users/fabrice-mac-mini/Documents/snorkel-ai
[2026-06-30T07:57:57Z] [terminus-control] text yourself: start-terminus | stop-terminus | status-terminus | run-terminus
[2026-06-30T07:57:57Z] [terminus-control] WARN: cannot read chat.db — grant Full Disk Access to /Users/fabrice-mac-mini/.local/share/uv/python/cpython-3.13.14-macos-aarch64-none/bin/python3.13 or run-imessage-listener.sh
[2026-06-30T07:58:17Z] [terminus-control] WARN: cannot read chat.db — grant Full Disk Access to /Users/fabrice-mac-mini/.local/share/uv/python/cpython-3.13.14-macos-aarch64-none/bin/python3.13 or run-imessage-listener.sh
[2026-06-30T07:58:37Z] [terminus-control] WARN: cannot read chat.db — grant Full Disk Access to /Users/fabrice-mac-mini/.local/share/uv/python/cpython-3.13.14-macos-aarch64-none/bin/python3.13 or run-imessage-listener.sh
[2026-06-30T07:58:57Z] [terminus-control] WARN: cannot read chat.db — grant Full Disk Access to /Users/fabrice-mac-mini/.local/share/uv/python/cpython-3.13.14-macos-aarch64-none/bin/python3.13 or run-imessage-listener.sh
[2026-06-30T07:59:17Z] [terminus-control] WARN: cannot read chat.db — grant Full Disk Access to /Users/fabrice-mac-mini/.local/share/uv/python/cpython-3.13.14-macos-aarch64-none/bin/python3.13 or run-imessage-listener.sh
[2026-06-30T07:59:37Z] [terminus-control] WARN: cannot read chat.db — grant Full Disk Access to /Users/fabrice-mac-mini/.local/share/uv/python/cpython-3.13.14-macos-aarch64-none/bin/python3.13 or run-imessage-listener.sh
[2026-06-30T07:59:57Z] [terminus-control] WARN: cannot read chat.db — grant Full Disk Access to /Users/fabrice-mac-mini/.local/share/uv/python/cpython-3.13.14-macos-aarch64-none/bin/python3.13 or run-imessage-listener.sh
[2026-06-30T08:00:17Z] [terminus-control] WARN: cannot read chat.db — grant Full Disk Access to /Users/fabrice-mac-mini/.local/share/uv/python/cpython-3.13.14-macos-aarch64-none/bin/python3.13 or run-imessage-listener.sh
[2026-06-30T08:00:37Z] [terminus-control] WARN: cannot read chat.db — grant Full Disk Access to /Users/fabrice-mac-mini/.local/share/uv/python/cpython-3.13.14-macos-aarch64-none/bin/python3.13 or run-imessage-listener.sh
[2026-06-30T08:00:57Z] [terminus-control] WARN: cannot read chat.db — grant Full Disk Access to /Users/fabrice-mac-mini/.local/share/uv/python/cpython-3.13.14-macos-aarch64-none/bin/python3.13 or run-imessage-listener.sh
[2026-06-30T08:01:17Z] [terminus-control] WARN: cannot read chat.db — grant Full Disk Access to /Users/fabrice-mac-mini/.local/share/uv/python/cpython-3.13.14-macos-aarch64-none/bin/python3.13 or run-imessage-listener.sh
[2026-06-30T08:01:37Z] [terminus-control] WARN: cannot read chat.db — grant Full Disk Access to /Users/fabrice-mac-mini/.local/share/uv/python/cpython-3.13.14-macos-aarch64-none/bin/python3.13 or run-imessage-listener.sh
[2026-06-30T08:01:57Z] [terminus-control] WARN: cannot read chat.db — grant Full Disk Access to /Users/fabrice-mac-mini/.local/share/uv/python/cpython-3.13.14-macos-aarch64-none/bin/python3.13 or run-imessage-listener.sh
[2026-06-30T08:02:17Z] [terminus-control] WARN: cannot read chat.db — grant Full Disk Access to /Users/fabrice-mac-mini/.local/share/uv/python/cpython-3.13.14-macos-aarch64-none/bin/python3.13 or run-imessage-listener.sh
[2026-06-30T08:02:38Z] [terminus-control] WARN: cannot read chat.db — grant Full Disk Access to /Users/fabrice-mac-mini/.local/share/uv/python/cpython-3.13.14-macos-aarch64-none/bin/python3.13 or run-imessage-listener.sh
[2026-06-30T08:02:58Z] [terminus-control] WARN: cannot read chat.db — grant Full Disk Access to /Users/fabrice-mac-mini/.local/share/uv/python/cpython-3.13.14-macos-aarch64-none/bin/python3.13 or run-imessage-listener.sh
[2026-06-30T08:03:18Z] [terminus-control] WARN: cannot read chat.db — grant Full Disk Access to /Users/fabrice-mac-mini/.local/share/uv/python/cpython-3.13.14-macos-aarch64-none/bin/python3.13 or run-imessage-listener.sh
[2026-06-30T08:03:38Z] [terminus-control] WARN: cannot read chat.db — grant Full Disk Access to /Users/fabrice-mac-mini/.local/share/uv/python/cpython-3.13.14-macos-aarch64-none/bin/python3.13 or run-imessage-listener.sh
[2026-06-30T08:09:15Z] [terminus-control] iMessage command listener started (poll every 20s)
[2026-06-30T08:09:15Z] [terminus-control] repo: /Users/fabrice-mac-mini/Documents/snorkel-ai
[2026-06-30T08:09:15Z] [terminus-control] text yourself: status | stop | start | run  (or *-terminus variants)
[2026-06-30T08:09:15Z] [terminus-control] WARN: cannot read chat.db — ensure SnorkelTerminusListener.app has Full Disk Access and restart the listener
[2026-06-30T08:09:35Z] [terminus-control] WARN: cannot read chat.db — ensure SnorkelTerminusListener.app has Full Disk Access and restart the listener
[2026-06-30T08:09:55Z] [terminus-control] WARN: cannot read chat.db — ensure SnorkelTerminusListener.app has Full Disk Access and restart the listener
[2026-06-30T08:09:57Z] [listener-app] started — polling every 20s
[2026-06-30T08:09:57Z] [listener-app] WARN: could not copy chat.db — check Full Disk Access on SnorkelTerminusListener.app
[2026-06-30T08:09:57Z] [terminus-control] WARN: cannot read chat.db — ensure SnorkelTerminusListener.app has Full Disk Access and restart the listener
[2026-06-30T08:10:17Z] [listener-app] WARN: could not copy chat.db — check Full Disk Access on SnorkelTerminusListener.app
