shell-init: error retrieving current directory: getcwd: cannot access parent directories: Operation not permitted
/bin/bash: /Users/fabrice-mac-mini/Documents/snorkel-ai/tools/monitor/run-hourly.sh: Operation not permitted
shell-init: error retrieving current directory: getcwd: cannot access parent directories: Operation not permitted
/bin/bash: /Users/fabrice-mac-mini/Documents/snorkel-ai/tools/monitor/run-hourly.sh: Operation not permitted
shell-init: error retrieving current directory: getcwd: cannot access parent directories: Operation not permitted
/bin/bash: /Users/fabrice-mac-mini/Documents/snorkel-ai/tools/monitor/run-hourly.sh: Operation not permitted
shell-init: error retrieving current directory: getcwd: cannot access parent directories: Operation not permitted
/bin/bash: /Users/fabrice-mac-mini/Documents/snorkel-ai/tools/monitor/run-hourly.sh: Operation not permitted
shell-init: error retrieving current directory: getcwd: cannot access parent directories: Operation not permitted
/bin/bash: /Users/fabrice-mac-mini/Documents/snorkel-ai/tools/monitor/run-hourly.sh: Operation not permitted
shell-init: error retrieving current directory: getcwd: cannot access parent directories: Operation not permitted
/bin/bash: /Users/fabrice-mac-mini/Documents/snorkel-ai/tools/monitor/run-hourly.sh: Operation not permitted
shell-init: error retrieving current directory: getcwd: cannot access parent directories: Operation not permitted
/bin/bash: /Users/fabrice-mac-mini/Documents/snorkel-ai/tools/monitor/run-hourly.sh: Operation not permitted
Traceback (most recent call last):
  File "/Users/fabrice-mac-mini/Documents/snorkel-ai/tools/monitor/hourly_submission_check.py", line 76, in <module>
    from monitor_summary import (  # noqa: E402
    ...<5 lines>...
    )
ImportError: cannot import name 'mark_daily_summary_sent' from 'monitor_summary' (/Users/fabrice-mac-mini/Documents/snorkel-ai/tools/monitor/monitor_summary.py)
