[2026-07-08T08:09:12Z] === 90-minute submission check start ===
[2026-07-08T08:09:27Z] skip 66067373… state=EVALUATION_PENDING folder=reconcile-spring-boot-model-registry-with-h2-experiment
[2026-07-08T08:09:38Z] skip 71323da7… state=ACCEPTED folder=reproduce-java-tls-waiver-findings
[2026-07-08T08:09:38Z] skip 0c176558… state=EVALUATION_PENDING folder=harden-php-api-defaults
[2026-07-08T08:09:41Z] skip cffe5127… state=OFFERED folder=?
[2026-07-08T08:09:41Z] skip 5ee796af… state=REVIEW_PENDING folder=repair-cpp-setup-auditor
[2026-07-08T08:09:41Z] skip 586f2352… state=OFFERED folder=?
[2026-07-08T08:09:41Z] skip c1f49663… state=OFFERED folder=?
[2026-07-08T08:09:41Z] skip 8e261009… state=OFFERED folder=?
[2026-07-08T08:09:41Z] state change: harden-php-api-defaults: NEEDS_REVISION -> EVALUATION_PENDING
[2026-07-08T08:09:42Z] status:
States: ACCEPTED=1, EVALUATION_PENDING=2, NEEDS_REVISION=3, OFFERED=4, REVIEW_PENDING=1
Changed since last run:
  harden-php-api-defaults: NEEDS_REVISION -> EVALUATION_PENDING
Fix queue: repair-express-trivia-worker, repair-java-trailswitch-graph-rules, reproduce-java-aes-gcm-findings

Docker: up
stb: ok (installed)
cursor-sdk bridges: 0 orphan(s)
paused: no
uncommitted task folders (2): harden-php-api-defaults, repair-express-trivia-worker
[2026-07-08T08:09:42Z] fix queue (3): repair-express-trivia-worker, repair-java-trailswitch-graph-rules, reproduce-java-aes-gcm-findings
[2026-07-08T08:09:42Z] Cursor agent model: composer-2.5
[2026-07-08T08:09:42Z] fixing repair-express-trivia-worker (e7d1cac7…) — Difficulty: ❌ TRIVIAL - Requires at least HARD for python
[2026-07-08T08:09:43Z] triggering Composer fix for repair-express-trivia-worker
[2026-07-08T08:18:10Z] done repair-express-trivia-worker agent_status=finished state_after=EVALUATION_PENDING
[2026-07-08T08:18:10Z] fixing repair-java-trailswitch-graph-rules (f0e91036…) — Difficulty: ❌ TRIVIAL - Requires at least MEDIUM
[2026-07-08T08:18:11Z] triggering Composer fix for repair-java-trailswitch-graph-rules
[2026-07-08T08:22:02Z] done repair-java-trailswitch-graph-rules agent_status=finished state_after=EVALUATION_PENDING
[2026-07-08T08:22:02Z] fixing reproduce-java-aes-gcm-findings (fbb351b7…) — see platform feedback in monitor log
[2026-07-08T08:22:02Z] triggering Composer fix for reproduce-java-aes-gcm-findings
[2026-07-08T08:26:26Z] done reproduce-java-aes-gcm-findings agent_status=finished state_after=EVALUATION_PENDING
[2026-07-08T08:26:26Z] === done — triggered 3 fix(es) ===
[2026-07-08T08:29:24Z] === 90-minute submission check start ===
[2026-07-08T08:29:43Z] skip fbb351b7… state=EVALUATION_PENDING folder=reproduce-java-aes-gcm-findings
[2026-07-08T08:29:43Z] skip e7d1cac7… state=EVALUATION_PENDING folder=repair-express-trivia-worker
[2026-07-08T08:29:43Z] skip 71323da7… state=ACCEPTED folder=reproduce-java-tls-waiver-findings
[2026-07-08T08:29:43Z] skip 0c176558… state=EVALUATION_PENDING folder=harden-php-api-defaults
[2026-07-08T08:29:43Z] skip f0e91036… state=EVALUATION_PENDING folder=repair-java-trailswitch-graph-rules
[2026-07-08T08:29:43Z] skip cffe5127… state=OFFERED folder=?
[2026-07-08T08:29:43Z] skip 5ee796af… state=REVIEW_PENDING folder=repair-cpp-setup-auditor
[2026-07-08T08:29:43Z] skip 586f2352… state=OFFERED folder=?
[2026-07-08T08:29:43Z] skip c1f49663… state=OFFERED folder=?
[2026-07-08T08:29:43Z] skip 8e261009… state=OFFERED folder=?
[2026-07-08T08:29:43Z] state change: reconcile-spring-boot-model-registry-with-h2-experiment: EVALUATION_PENDING -> NEEDS_REVISION
[2026-07-08T08:29:43Z] state change: reproduce-java-aes-gcm-findings: NEEDS_REVISION -> EVALUATION_PENDING
[2026-07-08T08:29:43Z] state change: repair-express-trivia-worker: NEEDS_REVISION -> EVALUATION_PENDING
[2026-07-08T08:29:43Z] state change: repair-java-trailswitch-graph-rules: NEEDS_REVISION -> EVALUATION_PENDING
[2026-07-08T08:29:44Z] status:
States: ACCEPTED=1, EVALUATION_PENDING=4, NEEDS_REVISION=1, OFFERED=4, REVIEW_PENDING=1
Changed since last run:
  reconcile-spring-boot-model-registry-with-h2-experiment: EVALUATION_PENDING -> NEEDS_REVISION
  reproduce-java-aes-gcm-findings: NEEDS_REVISION -> EVALUATION_PENDING
  repair-express-trivia-worker: NEEDS_REVISION -> EVALUATION_PENDING
  repair-java-trailswitch-graph-rules: NEEDS_REVISION -> EVALUATION_PENDING
Fix queue: reconcile-spring-boot-model-registry-with-h2-experiment

Docker: up
stb: ok (installed)
cursor-sdk bridges: 0 orphan(s)
paused: no
git: task folders clean
[2026-07-08T08:29:44Z] fix queue (1): reconcile-spring-boot-model-registry-with-h2-experiment
[2026-07-08T08:29:44Z] Cursor agent model: composer-2.5
[2026-07-08T08:29:44Z] fixing reconcile-spring-boot-model-registry-with-h2-experiment (66067373…) — see platform feedback in monitor log
[2026-07-08T08:29:45Z] triggering Composer fix for reconcile-spring-boot-model-registry-with-h2-experiment
